<?xml version="1.0" encoding="UTF-8"?>
<!-- Generated by org.testng.reporters.JUnitXMLReporter -->
<testsuite hostname="apple" name="Default test" tests="3" failures="0" timestamp="7 Jul 2016 01:47:49 GMT" time="19.445" errors="0">
  <testcase name="testLogin" time="1.66" classname="com.tests.LoginTests"/>
  <testcase name="testLoginError" time="0.759" classname="com.tests.LoginTests"/>
  <testcase name="testLoginbadpass" time="1.424" classname="com.tests.LoginTests"/>
</testsuite> <!-- Default test -->
