<?xml version="1.0" encoding="UTF-8"?>
<!-- Generated by org.testng.reporters.JUnitXMLReporter -->
<testsuite hostname="apple" name="Regression1" tests="3" failures="0" timestamp="28 Jun 2016 22:07:47 GMT" time="81.367" errors="0">
  <testcase name="testLogin" time="1.581" classname="com.jass.tests.LoginTests"/>
  <testcase name="testLoginError" time="0.891" classname="com.jass.tests.LoginTests"/>
  <testcase name="testSignUp" time="63.163" classname="com.jass.tests.CreateAccountTest"/>
</testsuite> <!-- Regression1 -->
