<?xml version="1.0" encoding="UTF-8"?>
<!-- Generated by org.testng.reporters.JUnitXMLReporter -->
<testsuite hostname="apple" name="Default test" tests="3" failures="0" timestamp="7 Jul 2016 01:19:47 GMT" time="20.088" errors="0">
  <testcase name="testLogin" time="1.64" classname="com.tests.LoginTests"/>
  <testcase name="testLoginError" time="0.887" classname="com.tests.LoginTests"/>
  <testcase name="testLoginbadpass" time="1.602" classname="com.tests.LoginTests"/>
</testsuite> <!-- Default test -->
