<?xml version="1.0" encoding="UTF-8"?>
<testng-results skipped="0" failed="0" total="3" passed="3">
  <reporter-output>
  </reporter-output>
  <suite name="Suite1" duration-ms="19445" started-at="2016-07-07T01:47:30Z" finished-at="2016-07-07T01:47:49Z">
    <groups>
    </groups>
    <test name="Default test" duration-ms="19445" started-at="2016-07-07T01:47:30Z" finished-at="2016-07-07T01:47:49Z">
      <class name="com.tests.LoginTests">
        <test-method status="PASS" signature="setUp()[pri:0, instance:com.tests.LoginTests@b97c004]" name="setUp" is-config="true" duration-ms="4812" started-at="2016-07-06T18:47:30Z" finished-at="2016-07-06T18:47:34Z">
          <reporter-output>
          </reporter-output>
        </test-method> <!-- setUp -->
        <test-method status="PASS" signature="testLogin()[pri:0, instance:com.tests.LoginTests@b97c004]" name="testLogin" duration-ms="1660" started-at="2016-07-06T18:47:34Z" finished-at="2016-07-06T18:47:36Z">
          <reporter-output>
          </reporter-output>
        </test-method> <!-- testLogin -->
        <test-method status="PASS" signature="tearDown()[pri:0, instance:com.tests.LoginTests@b97c004]" name="tearDown" is-config="true" duration-ms="1031" started-at="2016-07-06T18:47:36Z" finished-at="2016-07-06T18:47:37Z">
          <reporter-output>
          </reporter-output>
        </test-method> <!-- tearDown -->
        <test-method status="PASS" signature="setUp()[pri:0, instance:com.tests.LoginTests@b97c004]" name="setUp" is-config="true" duration-ms="3891" started-at="2016-07-06T18:47:37Z" finished-at="2016-07-06T18:47:41Z">
          <reporter-output>
          </reporter-output>
        </test-method> <!-- setUp -->
        <test-method status="PASS" signature="testLoginError()[pri:0, instance:com.tests.LoginTests@b97c004]" name="testLoginError" duration-ms="759" started-at="2016-07-06T18:47:41Z" finished-at="2016-07-06T18:47:42Z">
          <reporter-output>
          </reporter-output>
        </test-method> <!-- testLoginError -->
        <test-method status="PASS" signature="tearDown()[pri:0, instance:com.tests.LoginTests@b97c004]" name="tearDown" is-config="true" duration-ms="886" started-at="2016-07-06T18:47:42Z" finished-at="2016-07-06T18:47:43Z">
          <reporter-output>
          </reporter-output>
        </test-method> <!-- tearDown -->
        <test-method status="PASS" signature="setUp()[pri:0, instance:com.tests.LoginTests@b97c004]" name="setUp" is-config="true" duration-ms="4119" started-at="2016-07-06T18:47:43Z" finished-at="2016-07-06T18:47:47Z">
          <reporter-output>
          </reporter-output>
        </test-method> <!-- setUp -->
        <test-method status="PASS" signature="testLoginbadpass()[pri:0, instance:com.tests.LoginTests@b97c004]" name="testLoginbadpass" duration-ms="1424" started-at="2016-07-06T18:47:47Z" finished-at="2016-07-06T18:47:48Z">
          <reporter-output>
          </reporter-output>
        </test-method> <!-- testLoginbadpass -->
        <test-method status="PASS" signature="tearDown()[pri:0, instance:com.tests.LoginTests@b97c004]" name="tearDown" is-config="true" duration-ms="838" started-at="2016-07-06T18:47:48Z" finished-at="2016-07-06T18:47:49Z">
          <reporter-output>
          </reporter-output>
        </test-method> <!-- tearDown -->
      </class> <!-- com.tests.LoginTests -->
    </test> <!-- Default test -->
  </suite> <!-- Suite1 -->
</testng-results>
